<?xml version="1.0" encoding="UTF-8"?>
<testsuites>
  <testsuite name="/home/amli/dbwebb-kurser/mvc/me/report/phpunit.xml" tests="24" assertions="49" errors="0" failures="0" skipped="0" time="0.136212">
    <testsuite name="all" tests="24" assertions="49" errors="0" failures="0" skipped="0" time="0.136212">
      <testsuite name="App\Tests\Card\BankTest" file="/home/amli/dbwebb-kurser/mvc/me/report/tests/Card/BankTest.php" tests="5" assertions="9" errors="0" failures="0" skipped="0" time="0.072461">
        <testcase name="testClass" file="/home/amli/dbwebb-kurser/mvc/me/report/tests/Card/BankTest.php" line="17" class="App\Tests\Card\BankTest" classname="App.Tests.Card.BankTest" assertions="2" time="0.046065"/>
        <testcase name="testPlayTurn" file="/home/amli/dbwebb-kurser/mvc/me/report/tests/Card/BankTest.php" line="25" class="App\Tests\Card\BankTest" classname="App.Tests.Card.BankTest" assertions="1" time="0.007037"/>
        <testcase name="testGetHand" file="/home/amli/dbwebb-kurser/mvc/me/report/tests/Card/BankTest.php" line="35" class="App\Tests\Card\BankTest" classname="App.Tests.Card.BankTest" assertions="2" time="0.002782"/>
        <testcase name="testEmptyDeck" file="/home/amli/dbwebb-kurser/mvc/me/report/tests/Card/BankTest.php" line="46" class="App\Tests\Card\BankTest" classname="App.Tests.Card.BankTest" assertions="2" time="0.011529"/>
        <testcase name="testStop17Points" file="/home/amli/dbwebb-kurser/mvc/me/report/tests/Card/BankTest.php" line="61" class="App\Tests\Card\BankTest" classname="App.Tests.Card.BankTest" assertions="2" time="0.005047"/>
      </testsuite>
      <testsuite name="App\Tests\Card\CardTest" file="/home/amli/dbwebb-kurser/mvc/me/report/tests/Card/CardTest.php" tests="4" assertions="14" errors="0" failures="0" skipped="0" time="0.010459">
        <testcase name="testCard" file="/home/amli/dbwebb-kurser/mvc/me/report/tests/Card/CardTest.php" line="16" class="App\Tests\Card\CardTest" classname="App.Tests.Card.CardTest" assertions="1" time="0.002829"/>
        <testcase name="testCardValues" file="/home/amli/dbwebb-kurser/mvc/me/report/tests/Card/CardTest.php" line="22" class="App\Tests\Card\CardTest" classname="App.Tests.Card.CardTest" assertions="3" time="0.002096"/>
        <testcase name="testCardGraphic" file="/home/amli/dbwebb-kurser/mvc/me/report/tests/Card/CardTest.php" line="33" class="App\Tests\Card\CardTest" classname="App.Tests.Card.CardTest" assertions="5" time="0.003264"/>
        <testcase name="testCardGraphicString" file="/home/amli/dbwebb-kurser/mvc/me/report/tests/Card/CardTest.php" line="64" class="App\Tests\Card\CardTest" classname="App.Tests.Card.CardTest" assertions="5" time="0.002270"/>
      </testsuite>
      <testsuite name="App\Tests\Card\DeckTest" file="/home/amli/dbwebb-kurser/mvc/me/report/tests/Card/DeckTest.php" tests="6" assertions="16" errors="0" failures="0" skipped="0" time="0.032722">
        <testcase name="testInit" file="/home/amli/dbwebb-kurser/mvc/me/report/tests/Card/DeckTest.php" line="16" class="App\Tests\Card\DeckTest" classname="App.Tests.Card.DeckTest" assertions="2" time="0.002307"/>
        <testcase name="testCountDeck" file="/home/amli/dbwebb-kurser/mvc/me/report/tests/Card/DeckTest.php" line="23" class="App\Tests\Card\DeckTest" classname="App.Tests.Card.DeckTest" assertions="2" time="0.002648"/>
        <testcase name="testDrawCard" file="/home/amli/dbwebb-kurser/mvc/me/report/tests/Card/DeckTest.php" line="33" class="App\Tests\Card\DeckTest" classname="App.Tests.Card.DeckTest" assertions="2" time="0.002604"/>
        <testcase name="testDrawMultipleCards" file="/home/amli/dbwebb-kurser/mvc/me/report/tests/Card/DeckTest.php" line="43" class="App\Tests\Card\DeckTest" classname="App.Tests.Card.DeckTest" assertions="4" time="0.003508"/>
        <testcase name="testSorted" file="/home/amli/dbwebb-kurser/mvc/me/report/tests/Card/DeckTest.php" line="58" class="App\Tests\Card\DeckTest" classname="App.Tests.Card.DeckTest" assertions="3" time="0.019227"/>
        <testcase name="testDrawnCards" file="/home/amli/dbwebb-kurser/mvc/me/report/tests/Card/DeckTest.php" line="71" class="App\Tests\Card\DeckTest" classname="App.Tests.Card.DeckTest" assertions="3" time="0.002428"/>
      </testsuite>
      <testsuite name="App\Tests\Card\GameTest" file="/home/amli/dbwebb-kurser/mvc/me/report/tests/Card/GameTest.php" tests="8" assertions="8" errors="0" failures="0" skipped="0" time="0.017996">
        <testcase name="testCreateGame" file="/home/amli/dbwebb-kurser/mvc/me/report/tests/Card/GameTest.php" line="16" class="App\Tests\Card\GameTest" classname="App.Tests.Card.GameTest" assertions="1" time="0.002097"/>
        <testcase name="testPoints" file="/home/amli/dbwebb-kurser/mvc/me/report/tests/Card/GameTest.php" line="22" class="App\Tests\Card\GameTest" classname="App.Tests.Card.GameTest" assertions="1" time="0.002164"/>
        <testcase name="testPointsAce" file="/home/amli/dbwebb-kurser/mvc/me/report/tests/Card/GameTest.php" line="41" class="App\Tests\Card\GameTest" classname="App.Tests.Card.GameTest" assertions="1" time="0.002169"/>
        <testcase name="testGetWinnerEqualPoints" file="/home/amli/dbwebb-kurser/mvc/me/report/tests/Card/GameTest.php" line="65" class="App\Tests\Card\GameTest" classname="App.Tests.Card.GameTest" assertions="1" time="0.002532"/>
        <testcase name="testGetWinnerBank" file="/home/amli/dbwebb-kurser/mvc/me/report/tests/Card/GameTest.php" line="93" class="App\Tests\Card\GameTest" classname="App.Tests.Card.GameTest" assertions="1" time="0.002317"/>
        <testcase name="testGetWinnerPlayer" file="/home/amli/dbwebb-kurser/mvc/me/report/tests/Card/GameTest.php" line="121" class="App\Tests\Card\GameTest" classname="App.Tests.Card.GameTest" assertions="1" time="0.002217"/>
        <testcase name="testGetWinnerAbove21" file="/home/amli/dbwebb-kurser/mvc/me/report/tests/Card/GameTest.php" line="149" class="App\Tests\Card\GameTest" classname="App.Tests.Card.GameTest" assertions="1" time="0.002191"/>
        <testcase name="testGetWinnerBankAbove21" file="/home/amli/dbwebb-kurser/mvc/me/report/tests/Card/GameTest.php" line="176" class="App\Tests\Card\GameTest" classname="App.Tests.Card.GameTest" assertions="1" time="0.002309"/>
      </testsuite>
      <testsuite name="App\Dice\DiceTest" file="/home/amli/dbwebb-kurser/mvc/me/report/tests/Dice/DiceTest.php" tests="1" assertions="2" errors="0" failures="0" skipped="0" time="0.002574">
        <testcase name="testCreateDice" file="/home/amli/dbwebb-kurser/mvc/me/report/tests/Dice/DiceTest.php" line="16" class="App\Dice\DiceTest" classname="App.Dice.DiceTest" assertions="2" time="0.002574"/>
      </testsuite>
    </testsuite>
  </testsuite>
</testsuites>
